2014-12-15 18:24:16.535 [IPControllerApp] Hub listening on tcp://127.0.0.1:54264 for registration.
2014-12-15 18:24:16.536 [IPControllerApp] Hub using DB backend: 'NoDB'
2014-12-15 18:24:16.787 [IPControllerApp] hub::created hub
2014-12-15 18:24:16.787 [IPControllerApp] writing connection info to /home/dmanik/.ipython/profile_default/security/ipcontroller-client.json
2014-12-15 18:24:16.788 [IPControllerApp] writing connection info to /home/dmanik/.ipython/profile_default/security/ipcontroller-engine.json
2014-12-15 18:24:16.788 [IPControllerApp] task::using Python leastload Task scheduler
2014-12-15 18:24:16.788 [IPControllerApp] Heartmonitor started
2014-12-15 18:24:16.794 [IPControllerApp] Creating pid file: /home/dmanik/.ipython/profile_default/pid/ipcontroller.pid
2014-12-15 18:24:16.805 [IPControllerApp] client::client '\x00|a\xae\x07' requested u'connection_request'
2014-12-15 18:24:16.806 [IPControllerApp] client::client ['\x00|a\xae\x07'] connected
2014-12-15 18:24:17.544 [IPControllerApp] client::client 'a48129f9-b627-4983-ab60-ee92e8b46c5d' requested u'registration_request'
2014-12-15 18:24:17.610 [IPControllerApp] WARNING | iopub::IOPub message lacks parent: {'parent_header': {}, 'msg_type': u'status', 'msg_id': u'8fc03c82-3e43-487f-bd70-8b22b4a2c3e4', 'content': {u'execution_state': u'starting'}, 'header': {u'date': datetime.datetime(2014, 12, 15, 18, 24, 17, 610012), u'username': u'dmanik', u'session': u'a48129f9-b627-4983-ab60-ee92e8b46c5d', u'msg_id': u'8fc03c82-3e43-487f-bd70-8b22b4a2c3e4', u'msg_type': u'status'}, 'buffers': [], 'metadata': {}}
2014-12-15 18:24:17.671 [IPControllerApp] client::client '64850900-fdae-4dfd-9a62-675c4c8dfed0' requested u'registration_request'
2014-12-15 18:24:17.712 [IPControllerApp] WARNING | iopub::IOPub message lacks parent: {'parent_header': {}, 'msg_type': u'status', 'msg_id': u'1cc5975e-04f6-4de5-b91d-a377612359c9', 'content': {u'execution_state': u'starting'}, 'header': {u'date': datetime.datetime(2014, 12, 15, 18, 24, 17, 711928), u'username': u'dmanik', u'session': u'64850900-fdae-4dfd-9a62-675c4c8dfed0', u'msg_id': u'1cc5975e-04f6-4de5-b91d-a377612359c9', u'msg_type': u'status'}, 'buffers': [], 'metadata': {}}
2014-12-15 18:24:17.739 [IPControllerApp] client::client 'bd7a6aff-7895-4bbc-9612-846fe2cfbc98' requested u'registration_request'
2014-12-15 18:24:17.781 [IPControllerApp] WARNING | iopub::IOPub message lacks parent: {'parent_header': {}, 'msg_type': u'status', 'msg_id': u'134d85e4-2eb2-49ab-9b5b-a23e493e4abd', 'content': {u'execution_state': u'starting'}, 'header': {u'date': datetime.datetime(2014, 12, 15, 18, 24, 17, 780736), u'username': u'dmanik', u'session': u'bd7a6aff-7895-4bbc-9612-846fe2cfbc98', u'msg_id': u'134d85e4-2eb2-49ab-9b5b-a23e493e4abd', u'msg_type': u'status'}, 'buffers': [], 'metadata': {}}
2014-12-15 18:24:17.842 [IPControllerApp] client::client '660f1d57-5f2d-40f1-8dcb-b273010894a0' requested u'registration_request'
2014-12-15 18:24:17.885 [IPControllerApp] WARNING | iopub::IOPub message lacks parent: {'parent_header': {}, 'msg_type': u'status', 'msg_id': u'c1ac797f-9997-4670-8414-4bac20c3dcb5', 'content': {u'execution_state': u'starting'}, 'header': {u'date': datetime.datetime(2014, 12, 15, 18, 24, 17, 884418), u'username': u'dmanik', u'session': u'660f1d57-5f2d-40f1-8dcb-b273010894a0', u'msg_id': u'c1ac797f-9997-4670-8414-4bac20c3dcb5', u'msg_type': u'status'}, 'buffers': [], 'metadata': {}}
2014-12-15 18:24:22.790 [IPControllerApp] registration::finished registering engine 2:bd7a6aff-7895-4bbc-9612-846fe2cfbc98
2014-12-15 18:24:22.791 [IPControllerApp] engine::Engine Connected: 2
2014-12-15 18:24:22.792 [IPControllerApp] registration::finished registering engine 3:660f1d57-5f2d-40f1-8dcb-b273010894a0
2014-12-15 18:24:22.792 [IPControllerApp] engine::Engine Connected: 3
2014-12-15 18:24:22.793 [IPControllerApp] registration::finished registering engine 0:a48129f9-b627-4983-ab60-ee92e8b46c5d
2014-12-15 18:24:22.793 [IPControllerApp] engine::Engine Connected: 0
2014-12-15 18:24:22.793 [IPControllerApp] registration::finished registering engine 1:64850900-fdae-4dfd-9a62-675c4c8dfed0
2014-12-15 18:24:22.794 [IPControllerApp] engine::Engine Connected: 1
2014-12-15 18:25:08.514 [IPControllerApp] client::client '\x00|a\xae\x08' requested u'connection_request'
2014-12-15 18:25:08.514 [IPControllerApp] client::client ['\x00|a\xae\x08'] connected
2014-12-15 18:25:21.855 [IPControllerApp] queue::client '\x00\x89\xf1\xa7Y' submitted request u'1cd88ae8-e630-4fd6-825e-958006753e91' to 0
2014-12-15 18:25:21.856 [IPControllerApp] queue::client '\x00\x89\xf1\xa7Y' submitted request u'34f68981-fc63-4bb0-9e36-2fcd79296726' to 1
2014-12-15 18:25:21.856 [IPControllerApp] queue::client '\x00\x89\xf1\xa7Y' submitted request u'24f01288-5ac9-4e31-9439-39160e5ab106' to 2
2014-12-15 18:25:21.858 [IPControllerApp] queue::request u'34f68981-fc63-4bb0-9e36-2fcd79296726' completed on 1
2014-12-15 18:25:21.858 [IPControllerApp] queue::client '\x00\x89\xf1\xa7Y' submitted request u'50037c67-f08a-4fe6-bb50-38fbeea7891b' to 3
2014-12-15 18:25:21.861 [IPControllerApp] queue::request u'1cd88ae8-e630-4fd6-825e-958006753e91' completed on 0
2014-12-15 18:25:21.861 [IPControllerApp] queue::request u'24f01288-5ac9-4e31-9439-39160e5ab106' completed on 2
2014-12-15 18:25:21.862 [IPControllerApp] queue::request u'50037c67-f08a-4fe6-bb50-38fbeea7891b' completed on 3
2014-12-15 18:28:15.302 [IPControllerApp] queue::client '\x00\x89\xf1\xa7Y' submitted request u'46c53e7d-1c69-4e29-8ab7-4951cc369171' to 0
2014-12-15 18:28:15.302 [IPControllerApp] queue::client '\x00\x89\xf1\xa7Y' submitted request u'078e8a7b-3e45-490e-89ce-7c6503f4da17' to 1
2014-12-15 18:28:15.303 [IPControllerApp] queue::client '\x00\x89\xf1\xa7Y' submitted request u'aa88a71b-fd63-4a0d-ba38-0f21cb38bb6f' to 2
2014-12-15 18:28:15.304 [IPControllerApp] queue::client '\x00\x89\xf1\xa7Y' submitted request u'1da2df4f-d0c5-4473-9aaf-436854924934' to 3
2014-12-15 18:28:15.338 [IPControllerApp] queue::request u'aa88a71b-fd63-4a0d-ba38-0f21cb38bb6f' completed on 2
2014-12-15 18:28:15.338 [IPControllerApp] queue::request u'1da2df4f-d0c5-4473-9aaf-436854924934' completed on 3
2014-12-15 18:28:15.355 [IPControllerApp] queue::request u'46c53e7d-1c69-4e29-8ab7-4951cc369171' completed on 0
2014-12-15 18:28:15.355 [IPControllerApp] queue::request u'078e8a7b-3e45-490e-89ce-7c6503f4da17' completed on 1
2015-02-02 13:19:36.903 [IPControllerApp] CRITICAL | Received signal 2, shutting down
2015-02-02 13:19:36.906 [IPControllerApp] CRITICAL | Received signal 2, shutting down
2015-02-02 13:19:36.910 [IPControllerApp] CRITICAL | terminating children...
2015-02-02 13:19:36.911 [IPControllerApp] CRITICAL | terminating children...
